<?xml version="1.0" encoding="UTF-8" ?>
<testsuite 
errors="1" failures="0" hostname="MacBookPro-of-ggripon" name="MapTaskTest" tests="0" time="0.0" timestamp="2022-05-11T19:04:51">
  <properties>
[...]
</properties>
  <system-out><![CDATA[]]></system-out>
  <system-err>
    <![CDATA[java.lang.RuntimeException: Unable to load a Suite class that was discovered in the runpath: MapTaskTest 
      at org.scalatest.tools.DiscoverySuite$.getSuiteInstance(DiscoverySuite.scala:81)
      at org.scalatest.tools.DiscoverySuite.$anonfun$nestedSuites$1(DiscoverySuite.scala:38)
      at scala.collection.immutable.Vector1.map(Vector.scala:1886)
      at scala.collection.immutable.Vector1.map(Vector.scala:375)
      at org.scalatest.tools.DiscoverySuite.<init>(DiscoverySuite.scala:37)
      at org.scalatest.tools.Runner$.genDiscoSuites$1(Runner.scala:1131)
      at org.scalatest.tools.Runner$.doRunRunRunDaDoRunRun(Runner.scala:1225)
      at org.scalatest.tools.Runner$.$anonfun$runOptionallyWithPassFailReporter$24(Runner.scala:992)
      at org.scalatest.tools.Runner$.$anonfun$runOptionallyWithPassFailReporter$24$adapted(Runner.scala:970)
      at org.scalatest.tools.Runner$.withClassLoaderAndDispatchReporter(Runner.scala:1481)
      at org.scalatest.tools.Runner$.runOptionallyWithPassFailReporter(Runner.scala:970)
      at org.scalatest.tools.Runner$.main(Runner.scala:775)
      at org.scalatest.tools.Runner.main(Runner.scala)
      Cause: DecodingFailure(Attempt to decode value on failed cursor, List(DownField(directory), DownField(data)))
      at 
]]>
  </system-err>
</testsuite>
